<?xml version="1.0" encoding="UTF-8"?>
<!-- Generated by org.testng.reporters.JUnitReportReporter -->
<testsuite skipped="0" hostname="Rohit" name="com.testCases.Day1_Test" tests="2" failures="0" timestamp="26 Oct 2021 02:54:42 GMT" time="5.269" errors="0">
  <testcase name="SecondTest" time="3.585" classname="com.testCases.Day1_Test"/>
  <testcase name="firstTest" time="1.684" classname="com.testCases.Day1_Test"/>
</testsuite> <!-- com.testCases.Day1_Test -->
