<?xml version="1.0" encoding="UTF-8"?>
<!-- Generated by org.testng.reporters.JUnitReportReporter -->
<testsuite skipped="0" hostname="Rohit" name="com.testCases.test1" tests="2" failures="0" timestamp="30 Oct 2021 11:22:12 GMT" time="4.764" errors="0">
  <testcase name="firstTest" time="1.587" classname="com.testCases.test1"/>
  <testcase name="SecondTest" time="3.177" classname="com.testCases.test1"/>
</testsuite> <!-- com.testCases.test1 -->
