<?xml version="1.0" encoding="UTF-8"?>
<!-- Generated by org.testng.reporters.JUnitReportReporter -->
<testsuite skipped="0" hostname="Rohit" name="com.testCases.test1" tests="2" failures="0" timestamp="28 Oct 2021 12:45:11 GMT" time="13.889" errors="0">
  <testcase name="SecondTest" time="10.110" classname="com.testCases.test1"/>
  <testcase name="firstTest" time="3.779" classname="com.testCases.test1"/>
</testsuite> <!-- com.testCases.test1 -->
