<?xml version="1.0" encoding="UTF-8"?>
<!-- Generated by org.testng.reporters.JUnitReportReporter -->
<testsuite skipped="0" hostname="Rohit" name="com.testCases.Test2" tests="4" failures="0" timestamp="28 Oct 2021 12:45:11 GMT" time="5.898" errors="0">
  <testcase name="loginTest" time="0.140" classname="com.testCases.Test2"/>
  <testcase name="DashboardUserText" time="4.372" classname="com.testCases.Test2"/>
  <testcase name="listOfCourses" time="0.796" classname="com.testCases.Test2"/>
  <testcase name="Dashboard" time="0.590" classname="com.testCases.Test2"/>
</testsuite> <!-- com.testCases.Test2 -->
